C51 COMPILER V9.52.0.0   DELAY                                                             08/22/2013 07:41:16 PAGE 1   


C51 COMPILER V9.52.0.0, COMPILATION OF MODULE DELAY
OBJECT MODULE PLACED IN .\delay.obj
COMPILER INVOKED BY: E:\work\tools\Keil\C51\BIN\C51.EXE ..\delay.c ROM(COMPACT) BROWSE DEFINE(_KEIL_C_) DEBUG OBJECTEXTE
                    -ND TABS(2) OBJECT(.\delay.obj)

line level    source

   1          #include "mycar.h"
   2          
   3          /* forbid called in interrupt handler */
   4          void mdelay(u16 time)
   5          {
   6   1        u16 delay_jiffies;
   7   1        delay_jiffies = jiffies + time;
   8   1        while (jiffies < delay_jiffies) {
   9   2          /* TODO: enter sleep mode */
  10   2          if (delay_jiffies - jiffies > 0xff)
  11   2            pm_idle(0xff);
  12   2          else
  13   2            pm_idle(delay_jiffies - jiffies);
  14   2        }
  15   1      }


MODULE INFORMATION:   STATIC OVERLAYABLE
   CODE SIZE        =     78    ----
   CONSTANT SIZE    =   ----    ----
   XDATA SIZE       =   ----    ----
   PDATA SIZE       =   ----    ----
   DATA SIZE        =   ----       2
   IDATA SIZE       =   ----    ----
   BIT SIZE         =   ----    ----
END OF MODULE INFORMATION.


C51 COMPILATION COMPLETE.  0 WARNING(S),  0 ERROR(S)
