C51 COMPILER V9.52.0.0   UART                                                              08/22/2013 07:41:16 PAGE 1   


C51 COMPILER V9.52.0.0, COMPILATION OF MODULE UART
OBJECT MODULE PLACED IN .\uart.obj
COMPILER INVOKED BY: E:\work\tools\Keil\C51\BIN\C51.EXE ..\uart.c ROM(COMPACT) BROWSE DEFINE(_KEIL_C_) DEBUG OBJECTEXTEN
                    -D TABS(2) OBJECT(.\uart.obj)

line level    source

   1          #include "mycar.h"
   2          
   3          void uart_init(void)
   4          {
   5   1      
   6   1      
   7   1      }


MODULE INFORMATION:   STATIC OVERLAYABLE
   CODE SIZE        =      1    ----
   CONSTANT SIZE    =   ----    ----
   XDATA SIZE       =   ----    ----
   PDATA SIZE       =   ----    ----
   DATA SIZE        =   ----    ----
   IDATA SIZE       =   ----    ----
   BIT SIZE         =   ----    ----
END OF MODULE INFORMATION.


C51 COMPILATION COMPLETE.  0 WARNING(S),  0 ERROR(S)
